<?xml version="1.0" encoding="UTF-8" ?>
<testsuite tests="6" failures="0" name="ReimbursementTest" time="7.056" errors="0" skipped="0">
  <properties>
[...]
</properties>
  <testcase classname="ReimbursementTest" name="loginUserNameAndPasswordTest" time="3.678"/>
  <testcase classname="ReimbursementTest" name="allReimbursementsTest" time="0.463"/>
  <testcase classname="ReimbursementTest" name="addEmployeeTest" time="1.541"/>
  <testcase classname="ReimbursementTest" name="countReimbursementsByIdTest" time="0.467"/>
  <testcase classname="ReimbursementTest" name="getConnectionTest" time="0.424"/>
  <testcase classname="ReimbursementTest" name="addReimbTest" time="0.483"/>
</testsuite>